Using pre-set license
Built from '2020.3/staging' branch; Version is '2020.3.38f1 (8f5fde82e2dc) revision 9396190'; Using compiler version '192528614'; Build Type 'Release'
OS: 'Windows 10  (10.0.19044) 64bit Core' Language: 'ko' Physical Memory: 16303 MB
BatchMode: 1, IsHumanControllingUs: 0, StartBugReporterOnCrash: 0, Is64bit: 1, IsPro: 0

COMMAND LINE ARGUMENTS:
C:\Program Files\Unity\Hub\Editor\2020.3.38f1\Editor\Unity.exe
-adb2
-batchMode
-noUpm
-name
AssetImportWorker0
-projectPath
C:/Users/USER/Documents/AfterSchool/Swords-and-Shovels-master
-logFile
Logs/AssetImportWorker0.log
-srvPort
11846
Successfully changed project path to: C:/Users/USER/Documents/AfterSchool/Swords-and-Shovels-master
C:/Users/USER/Documents/AfterSchool/Swords-and-Shovels-master
Using Asset Import Pipeline V2.
Refreshing native plugins compatible for Editor in 55.72 ms, found 2 plugins.
Preloading 0 native plugins for Editor in 0.00 ms.
Initialize engine version: 2020.3.38f1 (8f5fde82e2dc)
[Subsystems] Discovering subsystems at path C:/Program Files/Unity/Hub/Editor/2020.3.38f1/Editor/Data/Resources/UnitySubsystems
[Subsystems] Discovering subsystems at path C:/Users/USER/Documents/AfterSchool/Swords-and-Shovels-master/Assets
GfxDevice: creating device client; threaded=0
Direct3D:
    Version:  Direct3D 11.0 [level 11.1]
    Renderer: NVIDIA GeForce RTX 2060 (ID=0x1f51)
    Vendor:   
    VRAM:     5980 MB
    Driver:   26.21.14.3162
Initialize mono
Mono path[0] = 'C:/Program Files/Unity/Hub/Editor/2020.3.38f1/Editor/Data/Managed'
Mono path[1] = 'C:/Program Files/Unity/Hub/Editor/2020.3.38f1/Editor/Data/MonoBleedingEdge/lib/mono/unityjit'
Mono config path = 'C:/Program Files/Unity/Hub/Editor/2020.3.38f1/Editor/Data/MonoBleedingEdge/etc'
Using monoOptions --debugger-agent=transport=dt_socket,embedding=1,server=y,suspend=n,address=127.0.0.1:56020
Begin MonoManager ReloadAssembly
Registering precompiled unity dll's ...
Register platform support module: C:/Program Files/Unity/Hub/Editor/2020.3.38f1/Editor/Data/PlaybackEngines/WindowsStandaloneSupport/UnityEditor.WindowsStandalone.Extensions.dll
Registered in 0.002350 seconds.
Native extension for WindowsStandalone target not found
Refreshing native plugins compatible for Editor in 42.16 ms, found 2 plugins.
Preloading 0 native plugins for Editor in 0.00 ms.
Mono: successfully reloaded assembly
- Completed reload, in  0.665 seconds
Domain Reload Profiling:
	ReloadAssembly (666ms)
		BeginReloadAssembly (78ms)
			ExecutionOrderSort (0ms)
			DisableScriptedObjects (0ms)
			BackupInstance (0ms)
			ReleaseScriptingObjects (0ms)
			CreateAndSetChildDomain (1ms)
		EndReloadAssembly (517ms)
			LoadAssemblies (75ms)
			RebuildTransferFunctionScriptingTraits (0ms)
			SetupTypeCache (178ms)
			ReleaseScriptCaches (0ms)
			RebuildScriptCaches (36ms)
			SetupLoadedEditorAssemblies (185ms)
				LogAssemblyErrors (0ms)
				InitializePlatformSupportModulesInManaged (5ms)
				SetLoadedEditorAssemblies (0ms)
				RefreshPlugins (42ms)
				BeforeProcessingInitializeOnLoad (16ms)
				ProcessInitializeOnLoadAttributes (88ms)
				ProcessInitializeOnLoadMethodAttributes (34ms)
				AfterProcessingInitializeOnLoad (0ms)
				EditorAssembliesLoaded (0ms)
			ExecutionOrderSort2 (0ms)
			AwakeInstancesAfterBackupRestoration (0ms)
Platform modules already initialized, skipping
Registering precompiled user dll's ...
Registered in 0.004744 seconds.
Begin MonoManager ReloadAssembly
Native extension for WindowsStandalone target not found
Refreshing native plugins compatible for Editor in 0.45 ms, found 2 plugins.
Preloading 0 native plugins for Editor in 0.00 ms.
Mono: successfully reloaded assembly
- Completed reload, in  1.155 seconds
Domain Reload Profiling:
	ReloadAssembly (1156ms)
		BeginReloadAssembly (166ms)
			ExecutionOrderSort (0ms)
			DisableScriptedObjects (4ms)
			BackupInstance (0ms)
			ReleaseScriptingObjects (0ms)
			CreateAndSetChildDomain (21ms)
		EndReloadAssembly (920ms)
			LoadAssemblies (109ms)
			RebuildTransferFunctionScriptingTraits (0ms)
			SetupTypeCache (311ms)
			ReleaseScriptCaches (1ms)
			RebuildScriptCaches (53ms)
			SetupLoadedEditorAssemblies (372ms)
				LogAssemblyErrors (0ms)
				InitializePlatformSupportModulesInManaged (5ms)
				SetLoadedEditorAssemblies (0ms)
				RefreshPlugins (1ms)
				BeforeProcessingInitializeOnLoad (99ms)
				ProcessInitializeOnLoadAttributes (235ms)
				ProcessInitializeOnLoadMethodAttributes (17ms)
				AfterProcessingInitializeOnLoad (14ms)
				EditorAssembliesLoaded (0ms)
			ExecutionOrderSort2 (0ms)
			AwakeInstancesAfterBackupRestoration (2ms)
Platform modules already initialized, skipping
========================================================================
Worker process is ready to serve import requests
Launched and connected shader compiler UnityShaderCompiler.exe after 0.07 seconds
Refreshing native plugins compatible for Editor in 0.60 ms, found 2 plugins.
Preloading 0 native plugins for Editor in 0.00 ms.
Unloading 1665 Unused Serialized files (Serialized files now loaded: 0)
System memory in use before: 80.7 MB.
System memory in use after: 80.8 MB.

Unloading 16 unused Assets to reduce memory usage. Loaded Objects now: 2113.
Total: 2.644100 ms (FindLiveObjects: 0.143700 ms CreateObjectMapping: 0.061100 ms MarkObjects: 2.369100 ms  DeleteObjects: 0.069400 ms)

AssetImportParameters requested are different than current active one (requested -> active):
  custom:framework-win-MediaFoundation: 216162199b28c13a410421893ffa2e32 -> 
  custom:video-decoder-ogg-theora: a1e56fd34408186e4bbccfd4996cb3dc -> 
  custom:container-muxer-webm: aa71ff27fc2769a1b78a27578f13a17b -> 
  custom:container-demuxer-webm: 4f35f7cbe854078d1ac9338744f61a02 -> 
  custom:container-demuxer-ogg: 62fdf1f143b41e24485cea50d1cbac27 -> 
  custom:video-encoder-webm-vp8: eb34c28f22e8b96e1ab97ce403110664 -> 
  custom:video-decoder-webm-vp8: 9c59270c3fd7afecdb556c50c9e8de78 -> 
  custom:audio-decoder-ogg-vorbis: bf7c407c2cedff20999df2af8eb42d56 -> 
  custom:audio-encoder-webm-vorbis: bf7c407c2cedff20999df2af8eb42d56 -> 
========================================================================
Received Import Request.
  path: Assets/Shinabro/Platform_Animation/Animation/07_Spear/Stander@Spear_Crouch.FBX
  artifactKey: Guid(605c838696cac0240b9514fad5a892ec) Importer(815301076,1909f56bfc062723c751e8b465ee728b)
Start importing Assets/Shinabro/Platform_Animation/Animation/07_Spear/Stander@Spear_Crouch.FBX using Guid(605c838696cac0240b9514fad5a892ec) Importer(815301076,1909f56bfc062723c751e8b465ee728b)  -> (artifact id: '705b14af0a4e4350d9e655ce44c8c27a') in 0.184138 seconds 
========================================================================
Received Import Request.
  Time since last request: 0.000226 seconds.
  path: Assets/Common/Level/Environment/Level Assets/Textures/Broken_Floor_01_Specular.tga
  artifactKey: Guid(ac7a180817194864f91997ce70f5848e) Importer(815301076,1909f56bfc062723c751e8b465ee728b)
Start importing Assets/Common/Level/Environment/Level Assets/Textures/Broken_Floor_01_Specular.tga using Guid(ac7a180817194864f91997ce70f5848e) Importer(815301076,1909f56bfc062723c751e8b465ee728b)  -> (artifact id: '56c97740258f57370d32d5f2bb2b1b69') in 0.043892 seconds 
========================================================================
Received Import Request.
  Time since last request: 0.000204 seconds.
  path: Assets/Common/Level/Environment/Level Assets/Textures/Pillar_01_Specular.tga
  artifactKey: Guid(823def8dd4c19844f9f07d2856b1ecbe) Importer(815301076,1909f56bfc062723c751e8b465ee728b)
Start importing Assets/Common/Level/Environment/Level Assets/Textures/Pillar_01_Specular.tga using Guid(823def8dd4c19844f9f07d2856b1ecbe) Importer(815301076,1909f56bfc062723c751e8b465ee728b)  -> (artifact id: 'bfe3a48839d2e4680ff72858de48f7ff') in 0.015017 seconds 
========================================================================
Received Import Request.
  Time since last request: 0.000338 seconds.
  path: Assets/Common/Level/Environment/Level Assets/Textures/Floor_04_Spec.tga
  artifactKey: Guid(b2a25bb7b35d7c84fbb0b71129f3e5b8) Importer(815301076,1909f56bfc062723c751e8b465ee728b)
Start importing Assets/Common/Level/Environment/Level Assets/Textures/Floor_04_Spec.tga using Guid(b2a25bb7b35d7c84fbb0b71129f3e5b8) Importer(815301076,1909f56bfc062723c751e8b465ee728b)  -> (artifact id: 'b0e20886028aaeb7ebb21d7b0cdad1ef') in 0.014519 seconds 
========================================================================
Received Import Request.
  Time since last request: 0.000241 seconds.
  path: Assets/Shinabro/Platform_Animation/Animation/07_Spear/Stander@Spear_Jump.FBX
  artifactKey: Guid(226cd2d3c1bee114ca3369699a41703c) Importer(815301076,1909f56bfc062723c751e8b465ee728b)
Start importing Assets/Shinabro/Platform_Animation/Animation/07_Spear/Stander@Spear_Jump.FBX using Guid(226cd2d3c1bee114ca3369699a41703c) Importer(815301076,1909f56bfc062723c751e8b465ee728b)  -> (artifact id: 'bb08c3e1501d4e1621394953cad5053d') in 0.018515 seconds 
========================================================================
Received Import Request.
  Time since last request: 0.000379 seconds.
  path: Assets/Shinabro/Platform_Animation/Animation/07_Spear/Stander@Spear_DodgeRoll.FBX
  artifactKey: Guid(a9a3d849d3d4ddc43bc7ea1c72c1fc42) Importer(815301076,1909f56bfc062723c751e8b465ee728b)
Start importing Assets/Shinabro/Platform_Animation/Animation/07_Spear/Stander@Spear_DodgeRoll.FBX using Guid(a9a3d849d3d4ddc43bc7ea1c72c1fc42) Importer(815301076,1909f56bfc062723c751e8b465ee728b)  -> (artifact id: '8ae8afa5f35cb3ec0803a3cfbb034efd') in 0.015878 seconds 
========================================================================
Received Import Request.
  Time since last request: 0.000313 seconds.
  path: Assets/Shinabro/Platform_Animation/Animation/07_Spear/Stander@Spear_Idle.FBX
  artifactKey: Guid(b0bcb0d2a7036274784becafb89ef42d) Importer(815301076,1909f56bfc062723c751e8b465ee728b)
Start importing Assets/Shinabro/Platform_Animation/Animation/07_Spear/Stander@Spear_Idle.FBX using Guid(b0bcb0d2a7036274784becafb89ef42d) Importer(815301076,1909f56bfc062723c751e8b465ee728b)  -> (artifact id: 'd8726847d695d4ea973f678e4c4a5a8c') in 0.018932 seconds 
========================================================================
Received Import Request.
  Time since last request: 0.000209 seconds.
  path: Assets/Shinabro/Platform_Animation/Animation/07_Spear/Stander@Spear_Dodge.FBX
  artifactKey: Guid(0842b9a636a0f234d816fd315153f544) Importer(815301076,1909f56bfc062723c751e8b465ee728b)
Start importing Assets/Shinabro/Platform_Animation/Animation/07_Spear/Stander@Spear_Dodge.FBX using Guid(0842b9a636a0f234d816fd315153f544) Importer(815301076,1909f56bfc062723c751e8b465ee728b)  -> (artifact id: '3c77d477a3ddeafbda6f659c89b363bd') in 0.018313 seconds 
========================================================================
Received Import Request.
  Time since last request: 0.000266 seconds.
  path: Assets/Common/Level/Environment/Level Assets/Textures/Floor_01_Specular.tga
  artifactKey: Guid(2f6a75e9c23e8114ca45e5a495a40bdc) Importer(815301076,1909f56bfc062723c751e8b465ee728b)
Start importing Assets/Common/Level/Environment/Level Assets/Textures/Floor_01_Specular.tga using Guid(2f6a75e9c23e8114ca45e5a495a40bdc) Importer(815301076,1909f56bfc062723c751e8b465ee728b)  -> (artifact id: '4d2bafaadc988d36897f68fdc9a1e3f2') in 0.015584 seconds 
========================================================================
Received Import Request.
  Time since last request: 144.487873 seconds.
  path: Assets/MobSpawner.cs
  artifactKey: Guid(fcbedbe78fb943f47b29c7233d163667) Importer(815301076,1909f56bfc062723c751e8b465ee728b)
Start importing Assets/MobSpawner.cs using Guid(fcbedbe78fb943f47b29c7233d163667) Importer(815301076,1909f56bfc062723c751e8b465ee728b)  -> (artifact id: '14fa645082482b72405b9bcd7c3218bf') in 0.031574 seconds 
========================================================================
Received Prepare
Registering precompiled user dll's ...
Registered in 0.007207 seconds.
Begin MonoManager ReloadAssembly
Native extension for WindowsStandalone target not found
Refreshing native plugins compatible for Editor in 0.49 ms, found 2 plugins.
Preloading 0 native plugins for Editor in 0.00 ms.
Mono: successfully reloaded assembly
- Completed reload, in  1.445 seconds
Domain Reload Profiling:
	ReloadAssembly (1445ms)
		BeginReloadAssembly (168ms)
			ExecutionOrderSort (0ms)
			DisableScriptedObjects (5ms)
			BackupInstance (0ms)
			ReleaseScriptingObjects (0ms)
			CreateAndSetChildDomain (42ms)
		EndReloadAssembly (1107ms)
			LoadAssemblies (143ms)
			RebuildTransferFunctionScriptingTraits (0ms)
			SetupTypeCache (385ms)
			ReleaseScriptCaches (1ms)
			RebuildScriptCaches (57ms)
			SetupLoadedEditorAssemblies (364ms)
				LogAssemblyErrors (0ms)
				InitializePlatformSupportModulesInManaged (6ms)
				SetLoadedEditorAssemblies (1ms)
				RefreshPlugins (1ms)
				BeforeProcessingInitializeOnLoad (102ms)
				ProcessInitializeOnLoadAttributes (228ms)
				ProcessInitializeOnLoadMethodAttributes (15ms)
				AfterProcessingInitializeOnLoad (12ms)
				EditorAssembliesLoaded (0ms)
			ExecutionOrderSort2 (0ms)
			AwakeInstancesAfterBackupRestoration (3ms)
Platform modules already initialized, skipping
Refreshing native plugins compatible for Editor in 0.48 ms, found 2 plugins.
Preloading 0 native plugins for Editor in 0.00 ms.
Unloading 1636 Unused Serialized files (Serialized files now loaded: 0)
System memory in use before: 78.5 MB.
System memory in use after: 78.6 MB.

Unloading 11 unused Assets to reduce memory usage. Loaded Objects now: 2119.
Total: 3.535400 ms (FindLiveObjects: 0.154600 ms CreateObjectMapping: 0.065900 ms MarkObjects: 3.286600 ms  DeleteObjects: 0.027200 ms)

AssetImportParameters requested are different than current active one (requested -> active):
  custom:framework-win-MediaFoundation: 216162199b28c13a410421893ffa2e32 -> 
  custom:video-decoder-ogg-theora: a1e56fd34408186e4bbccfd4996cb3dc -> 
  custom:container-muxer-webm: aa71ff27fc2769a1b78a27578f13a17b -> 
  custom:container-demuxer-webm: 4f35f7cbe854078d1ac9338744f61a02 -> 
  custom:container-demuxer-ogg: 62fdf1f143b41e24485cea50d1cbac27 -> 
  custom:video-encoder-webm-vp8: eb34c28f22e8b96e1ab97ce403110664 -> 
  custom:video-decoder-webm-vp8: 9c59270c3fd7afecdb556c50c9e8de78 -> 
  custom:audio-decoder-ogg-vorbis: bf7c407c2cedff20999df2af8eb42d56 -> 
  custom:audio-encoder-webm-vorbis: bf7c407c2cedff20999df2af8eb42d56 -> 
========================================================================
Received Import Request.
  Time since last request: 211.835355 seconds.
  path: Assets/Common/Level/Environment/Level Assets/Prefabs/Lantern_Lit.prefab
  artifactKey: Guid(381e7e1417fdeae4cba038fe5b94a097) Importer(815301076,1909f56bfc062723c751e8b465ee728b)
Start importing Assets/Common/Level/Environment/Level Assets/Prefabs/Lantern_Lit.prefab using Guid(381e7e1417fdeae4cba038fe5b94a097) Importer(815301076,1909f56bfc062723c751e8b465ee728b)  -> (artifact id: '2288cd799cf93ad1987a86ca187f2d23') in 0.211251 seconds 
AssetImportWorkerClient::OnTransportError - code=2 error=End of file
